Scenario - Rotary Pursuit
Logfile written - 03/08/2019 16:58:41

Subject	Trial	Event Type	Code	event_cond(str)	block_name(str)	block_number(num)	trial_number(num)	track_width(num)	track_height(num)	circuit_time(num)	axis_setup(str)	tgt_pct(num)	avg_dist(num)	Time	TTime	Uncertainty	Duration	Uncertainty	ReqTime	ReqDur	Stim Type	Pair Index

	1	Response	1											5515	4849	0
	3	Picture	Wait	Wait										21001	0	1	30002	1	0	next	other	0
	4	Picture	Stim;Practice;0;1;150;100;12000;Standard;87.9166666666667;2.22184308802571	Stim	Practice	0	1	150	100	12000	Standard	87.9166666666667	2.22184308802571	51004	0	1	167	1	0	next	other	0
	5	Picture	Feedback	Feedback										171180	0	1	15001	1	0	next	other	0
	5	Response	1											177195	6015	0
	7	Picture	Wait	Wait										201349	0	1	30002	1	0	next	other	0
	8	Picture	Stim;Practice;0;2;150;100;12000;Invert Both;20.4166666666667;7.56707561019613	Stim	Practice	0	2	150	100	12000	Invert Both	20.4166666666667	7.56707561019613	231351	0	1	167	1	0	next	other	0
	9	Picture	Feedback	Feedback										351527	0	1	15001	1	0	next	other	0
	11	Response	1											390635	9106	0
	13	Picture	Wait	Wait										406031	0	1	30002	1	0	next	other	0
	14	Picture	Stim;Main;1;1;150;100;12000;Invert Both;26.6666666666667;7.47012895614064	Stim	Main	1	1	150	100	12000	Invert Both	26.6666666666667	7.47012895614064	436033	0	1	167	1	0	next	other	0
	15	Picture	Feedback	Feedback										556542	0	1	15001	1	0	next	other	0
	17	Picture	Wait	Wait										586711	0	1	30002	1	0	next	other	0
	18	Picture	Stim;Main;1;2;150;100;12000;Standard;86.8055555555556;2.11824437160356	Stim	Main	1	2	150	100	12000	Standard	86.8055555555556	2.11824437160356	616714	0	1	167	1	0	next	other	0
	19	Picture	Feedback	Feedback										736889	0	1	15001	1	0	next	other	0
	21	Picture	Wait	Wait										767058	0	1	30002	1	0	next	other	0
	22	Picture	Stim;Main;1;3;150;100;12000;Standard;93.6111111111111;1.79671690558456	Stim	Main	1	3	150	100	12000	Standard	93.6111111111111	1.79671690558456	797061	0	1	167	1	0	next	other	0
	23	Picture	Feedback	Feedback										917237	0	1	15001	1	0	next	other	0
	25	Picture	Wait	Wait										947405	0	1	30002	1	0	next	other	0
	26	Picture	Stim;Main;1;4;150;100;12000;Invert Both;13.8888888888889;10.7569017003152	Stim	Main	1	4	150	100	12000	Invert Both	13.8888888888889	10.7569017003152	977408	0	1	167	1	0	next	other	0
	27	Picture	Feedback	Feedback										1098250	0	1	15001	1	0	next	other	0
	29	Picture	Wait	Wait										1128419	0	1	30169	1	0	next	other	0
	30	Picture	Stim;Main;1;5;150;100;12000;Standard;93.6111111111111;1.88208043477745	Stim	Main	1	5	150	100	12000	Standard	93.6111111111111	1.88208043477745	1158588	0	1	167	1	0	next	other	0
	31	Picture	Feedback	Feedback										1278931	0	1	15001	1	0	next	other	0
	33	Picture	Wait	Wait										1309100	0	1	30002	1	0	next	other	0
	34	Picture	Stim	Stim										1339102	0	1	167	1	0	next	other	0
	34	Quit												1457277	118175	NA


Event Type	Code	Type	Response	RT	RT Uncertainty	Time	Uncertainty	Duration	Uncertainty	ReqTime	ReqDur

Picture	Wait	other				21001	1	30002	1	0	next
Picture	Stim;Practice;0;1;150;100;12000;Standard;87.9166666666667;2.22184308802571	other				51004	1	167	1	0	next
Picture	Feedback	other				171180	1	15001	1	0	next
Picture	Wait	other				201349	1	30002	1	0	next
Picture	Stim;Practice;0;2;150;100;12000;Invert Both;20.4166666666667;7.56707561019613	other				231351	1	167	1	0	next
Picture	Feedback	other				351527	1	15001	1	0	next
Picture	Wait	other				406031	1	30002	1	0	next
Picture	Stim;Main;1;1;150;100;12000;Invert Both;26.6666666666667;7.47012895614064	other				436033	1	167	1	0	next
Picture	Feedback	other				556542	1	15001	1	0	next
Picture	Wait	other				586711	1	30002	1	0	next
Picture	Stim;Main;1;2;150;100;12000;Standard;86.8055555555556;2.11824437160356	other				616714	1	167	1	0	next
Picture	Feedback	other				736889	1	15001	1	0	next
Picture	Wait	other				767058	1	30002	1	0	next
Picture	Stim;Main;1;3;150;100;12000;Standard;93.6111111111111;1.79671690558456	other				797061	1	167	1	0	next
Picture	Feedback	other				917237	1	15001	1	0	next
Picture	Wait	other				947405	1	30002	1	0	next
Picture	Stim;Main;1;4;150;100;12000;Invert Both;13.8888888888889;10.7569017003152	other				977408	1	167	1	0	next
Picture	Feedback	other				1098250	1	15001	1	0	next
Picture	Wait	other				1128419	1	30169	1	0	next
Picture	Stim;Main;1;5;150;100;12000;Standard;93.6111111111111;1.88208043477745	other				1158588	1	167	1	0	next
Picture	Feedback	other				1278931	1	15001	1	0	next
Picture	Wait	other				1309100	1	30002	1	0	next
Picture	Stim	other				1339102	1	167	1	0	next
