Scenario - Rotary Pursuit
Logfile written - 03/07/2019 16:12:23

Subject	Trial	Event Type	Code	event_cond(str)	block_name(str)	block_number(num)	trial_number(num)	track_width(num)	track_height(num)	circuit_time(num)	axis_setup(str)	tgt_pct(num)	avg_dist(num)	Time	TTime	Uncertainty	Duration	Uncertainty	ReqTime	ReqDur	Stim Type	Pair Index

	1	Response	1											4016	3183	0
	3	Picture	Wait	Wait										19335	0	1	30002	1	0	next	other	0
	4	Picture	Stim;Practice;0;1;150;100;12000;Standard;91.8055555555556;1.95365673362172	Stim	Practice	0	1	150	100	12000	Standard	91.8055555555556	1.95365673362172	49337	0	1	167	1	0	next	other	0
	5	Picture	Feedback	Feedback										169679	0	1	15001	1	0	next	other	0
	5	Response	1											178016	8337	0
	7	Picture	Wait	Wait										199682	0	1	30002	1	0	next	other	0
	8	Picture	Stim;Practice;0;2;150;100;12000;Standard;85.6944444444444;2.29972173105232	Stim	Practice	0	2	150	100	12000	Standard	85.6944444444444	2.29972173105232	229684	0	1	167	1	0	next	other	0
	9	Picture	Feedback	Feedback										350027	0	1	15001	1	0	next	other	0
	9	Response	1											357376	7350	0
	11	Response	1											394576	14547	0
	13	Picture	Wait	Wait										410031	0	1	30002	1	0	next	other	0
	14	Picture	Stim;Main;1;1;150;100;12000;Standard;88.8888888888889;2.05338623960768	Stim	Main	1	1	150	100	12000	Standard	88.8888888888889	2.05338623960768	440033	0	1	167	1	0	next	other	0
	15	Picture	Feedback	Feedback										560376	0	1	15001	1	0	next	other	0
	17	Picture	Wait	Wait										590545	0	1	30002	1	0	next	other	0
	18	Picture	Stim;Main;1;2;150;100;12000;Invert Both;15.5555555555556;13.3221308147257	Stim	Main	1	2	150	100	12000	Invert Both	15.5555555555556	13.3221308147257	620547	0	1	167	1	0	next	other	0
	19	Picture	Feedback	Feedback										740890	0	1	15001	1	0	next	other	0
	19	Response	1											749136	8246	0
	21	Picture	Wait	Wait										770892	0	1	30002	1	0	next	other	0
	22	Picture	Stim;Main;1;3;150;100;12000;Standard;63.3333333333333;3.65380804197	Stim	Main	1	3	150	100	12000	Standard	63.3333333333333	3.65380804197	800894	0	1	167	1	0	next	other	0
	23	Picture	Feedback	Feedback										921237	0	1	15001	1	0	next	other	0
	23	Response	1											928336	7099	0
	25	Picture	Wait	Wait										951239	0	1	30002	1	0	next	other	0
	26	Picture	Stim;Main;1;4;150;100;12000;Invert Both;15.4166666666667;9.6422947176766	Stim	Main	1	4	150	100	12000	Invert Both	15.4166666666667	9.6422947176766	981241	0	1	167	1	0	next	other	0
	27	Picture	Feedback	Feedback										1101417	0	1	15001	1	0	next	other	0
	27	Response	1											1108976	7559	0
	29	Picture	Wait	Wait										1131586	0	1	30002	1	0	next	other	0
	30	Picture	Stim;Main;1;5;150;100;12000;Standard;63.6111111111111;3.01175564393112	Stim	Main	1	5	150	100	12000	Standard	63.6111111111111	3.01175564393112	1161589	0	1	167	1	0	next	other	0
	31	Picture	Feedback	Feedback										1281764	0	1	15001	1	0	next	other	0
	31	Response	1											1289936	8172	0
	33	Picture	Wait	Wait										1311933	0	1	30002	1	0	next	other	0
	34	Picture	Stim;Main;1;6;150;100;12000;Standard;87.5;2.13337401380502	Stim	Main	1	6	150	100	12000	Standard	87.5	2.13337401380502	1341936	0	1	167	1	0	next	other	0
	35	Picture	Feedback	Feedback										1462111	0	1	15001	1	0	next	other	0
	35	Response	1											1467296	5185	0
	37	Picture	Wait	Wait										1492280	0	1	30002	1	0	next	other	0
	38	Picture	Stim;Main;1;7;150;100;12000;Standard;86.8055555555556;2.07194563513297	Stim	Main	1	7	150	100	12000	Standard	86.8055555555556	2.07194563513297	1522283	0	1	167	1	0	next	other	0
	39	Picture	Feedback	Feedback										1642625	0	1	15001	1	0	next	other	0
	39	Response	1											1648896	6271	0
	41	Picture	Wait	Wait										1672794	0	1	30002	1	0	next	other	0
	42	Picture	Stim;Main;1;8;150;100;12000;Invert Both;9.02777777777778;12.7356731456008	Stim	Main	1	8	150	100	12000	Invert Both	9.02777777777778	12.7356731456008	1702797	0	1	167	1	0	next	other	0
	43	Picture	Feedback	Feedback										1822972	0	1	15001	1	0	next	other	0
	43	Response	1											1829136	6163	0
	45	Picture	Wait	Wait										1853141	0	1	22249	1	0	next	other	0
	45	Quit												1870978	17836	NA


Event Type	Code	Type	Response	RT	RT Uncertainty	Time	Uncertainty	Duration	Uncertainty	ReqTime	ReqDur

Picture	Wait	other				19335	1	30002	1	0	next
Picture	Stim;Practice;0;1;150;100;12000;Standard;91.8055555555556;1.95365673362172	other				49337	1	167	1	0	next
Picture	Feedback	other				169679	1	15001	1	0	next
Picture	Wait	other				199682	1	30002	1	0	next
Picture	Stim;Practice;0;2;150;100;12000;Standard;85.6944444444444;2.29972173105232	other				229684	1	167	1	0	next
Picture	Feedback	other				350027	1	15001	1	0	next
Picture	Wait	other				410031	1	30002	1	0	next
Picture	Stim;Main;1;1;150;100;12000;Standard;88.8888888888889;2.05338623960768	other				440033	1	167	1	0	next
Picture	Feedback	other				560376	1	15001	1	0	next
Picture	Wait	other				590545	1	30002	1	0	next
Picture	Stim;Main;1;2;150;100;12000;Invert Both;15.5555555555556;13.3221308147257	other				620547	1	167	1	0	next
Picture	Feedback	other				740890	1	15001	1	0	next
Picture	Wait	other				770892	1	30002	1	0	next
Picture	Stim;Main;1;3;150;100;12000;Standard;63.3333333333333;3.65380804197	other				800894	1	167	1	0	next
Picture	Feedback	other				921237	1	15001	1	0	next
Picture	Wait	other				951239	1	30002	1	0	next
Picture	Stim;Main;1;4;150;100;12000;Invert Both;15.4166666666667;9.6422947176766	other				981241	1	167	1	0	next
Picture	Feedback	other				1101417	1	15001	1	0	next
Picture	Wait	other				1131586	1	30002	1	0	next
Picture	Stim;Main;1;5;150;100;12000;Standard;63.6111111111111;3.01175564393112	other				1161589	1	167	1	0	next
Picture	Feedback	other				1281764	1	15001	1	0	next
Picture	Wait	other				1311933	1	30002	1	0	next
Picture	Stim;Main;1;6;150;100;12000;Standard;87.5;2.13337401380502	other				1341936	1	167	1	0	next
Picture	Feedback	other				1462111	1	15001	1	0	next
Picture	Wait	other				1492280	1	30002	1	0	next
Picture	Stim;Main;1;7;150;100;12000;Standard;86.8055555555556;2.07194563513297	other				1522283	1	167	1	0	next
Picture	Feedback	other				1642625	1	15001	1	0	next
Picture	Wait	other				1672794	1	30002	1	0	next
Picture	Stim;Main;1;8;150;100;12000;Invert Both;9.02777777777778;12.7356731456008	other				1702797	1	167	1	0	next
Picture	Feedback	other				1822972	1	15001	1	0	next
Picture	Wait	other				1853141	1	22249	1	0	next
