Scenario - Rotary Pursuit
Logfile written - 03/07/2019 16:35:44

Subject	Trial	Event Type	Code	event_cond(str)	block_name(str)	block_number(num)	trial_number(num)	track_width(num)	track_height(num)	circuit_time(num)	axis_setup(str)	tgt_pct(num)	avg_dist(num)	Time	TTime	Uncertainty	Duration	Uncertainty	ReqTime	ReqDur	Stim Type	Pair Index

	1	Response	1											4973	4474	0
	3	Picture	Wait	Wait										20335	0	1	30002	1	0	next	other	0
	4	Picture	Stim;Practice;0;1;150;100;12000;Standard;87.3611111111111;2.16356309165982	Stim	Practice	0	1	150	100	12000	Standard	87.3611111111111	2.16356309165982	50337	0	1	167	1	0	next	other	0
	5	Picture	Feedback	Feedback										170513	0	1	15001	1	0	next	other	0
	5	Response	1											175853	5340	0
	7	Picture	Wait	Wait										200682	0	1	30002	1	0	next	other	0
	8	Picture	Stim;Practice;0;2;150;100;12000;Standard;80.8333333333333;2.29477357704621	Stim	Practice	0	2	150	100	12000	Standard	80.8333333333333	2.29477357704621	230684	0	1	167	1	0	next	other	0
	9	Picture	Feedback	Feedback										350860	0	1	15168	1	0	next	other	0
	9	Response	1											356333	5473	0
	11	Response	1											391293	10264	0
	13	Picture	Wait	Wait										406531	0	1	30002	1	0	next	other	0
	14	Picture	Stim;Main;1;1;150;100;12000;Standard;87.7777777777778;2.02137172872754	Stim	Main	1	1	150	100	12000	Standard	87.7777777777778	2.02137172872754	436533	0	1	167	1	0	next	other	0
	15	Picture	Feedback	Feedback										556876	0	1	15001	1	0	next	other	0
	15	Response	1											563053	6178	0
	17	Picture	Wait	Wait										587045	0	1	30002	1	0	next	other	0
	18	Picture	Stim;Main;1;2;150;100;12000;Standard;91.25;1.80208219515534	Stim	Main	1	2	150	100	12000	Standard	91.25	1.80208219515534	617047	0	1	167	1	0	next	other	0
	19	Picture	Feedback	Feedback										737223	0	1	15001	1	0	next	other	0
	19	Response	1											746493	9271	0
	21	Picture	Wait	Wait										767392	0	1	30002	1	0	next	other	0
	22	Picture	Stim;Main;1;3;150;100;12000;Standard;92.9166666666667;1.78907541020476	Stim	Main	1	3	150	100	12000	Standard	92.9166666666667	1.78907541020476	797394	0	1	167	1	0	next	other	0
	23	Picture	Feedback	Feedback										917570	0	1	15001	1	0	next	other	0
	23	Response	1											925133	7563	0
	25	Picture	Wait	Wait										947739	0	1	30002	1	0	next	other	0
	26	Picture	Stim;Main;1;4;150;100;12000;Standard;95.5555555555556;1.75767786880876	Stim	Main	1	4	150	100	12000	Standard	95.5555555555556	1.75767786880876	977741	0	1	167	1	0	next	other	0
	27	Picture	Feedback	Feedback										1098084	0	1	15001	1	0	next	other	0
	27	Response	1											1102254	4171	0
	28	Quit												1119455	6370	NA


Event Type	Code	Type	Response	RT	RT Uncertainty	Time	Uncertainty	Duration	Uncertainty	ReqTime	ReqDur

Picture	Wait	other				20335	1	30002	1	0	next
Picture	Stim;Practice;0;1;150;100;12000;Standard;87.3611111111111;2.16356309165982	other				50337	1	167	1	0	next
Picture	Feedback	other				170513	1	15001	1	0	next
Picture	Wait	other				200682	1	30002	1	0	next
Picture	Stim;Practice;0;2;150;100;12000;Standard;80.8333333333333;2.29477357704621	other				230684	1	167	1	0	next
Picture	Feedback	other				350860	1	15168	1	0	next
Picture	Wait	other				406531	1	30002	1	0	next
Picture	Stim;Main;1;1;150;100;12000;Standard;87.7777777777778;2.02137172872754	other				436533	1	167	1	0	next
Picture	Feedback	other				556876	1	15001	1	0	next
Picture	Wait	other				587045	1	30002	1	0	next
Picture	Stim;Main;1;2;150;100;12000;Standard;91.25;1.80208219515534	other				617047	1	167	1	0	next
Picture	Feedback	other				737223	1	15001	1	0	next
Picture	Wait	other				767392	1	30002	1	0	next
Picture	Stim;Main;1;3;150;100;12000;Standard;92.9166666666667;1.78907541020476	other				797394	1	167	1	0	next
Picture	Feedback	other				917570	1	15001	1	0	next
Picture	Wait	other				947739	1	30002	1	0	next
Picture	Stim;Main;1;4;150;100;12000;Standard;95.5555555555556;1.75767786880876	other				977741	1	167	1	0	next
Picture	Feedback	other				1098084	1	15001	1	0	next
