Scenario - 
Logfile written - 02/19/2019 09:31:16

Trial	Event Type	Code	Time	TTime	Uncertainty	Duration	Uncertainty	ReqTime	ReqDur	Stim Type	Pair Index

1	Port Input	1	494810	494144	8
1	Response	4	494810	494144	8
2	Picture	fix	495037	0	1	5667	1	0	next	other	0
3	Picture	GO trial GO stim left idx	500704	0	1	333	1	0	200	hit	6
3	Port Input	3	503296	2591	9
3	Response	2	503296	2591	9
4	Picture	correct response	503538	0	1	333	1	0	200	other	0
5	Picture	fix	503871	0	1	6667	1	0	next	other	0
6	Picture	SC trial GO stim left index	510538	0	1	333	1	0	200	other	0
7	Picture	SS trial STOP stim left index	512038	0	1	1333	1	0	200	other	0
7	Port Input	3	512057	19	1227
7	Response	2	512057	19	1227
7	Sound	SS ssd 140	512061	23	1216			0		other	0
8	Picture	correct response	515205	0	1	333	1	0	200	other	0
9	Picture	fix	515539	0	1	6501	1	0	next	other	0
10	Picture	GO trial GO stim left idx	522039	0	1	333	1	0	200	hit	18
10	Port Input	3	524620	2580	8
10	Response	2	524620	2580	8
11	Picture	correct response	524706	0	1	333	1	0	200	other	0
12	Picture	fix	525039	0	1	7001	1	0	next	other	0
13	Picture	SC trial GO stim right index	532040	0	1	333	1	0	200	other	0
14	Picture	SC trial STOP stim right idx	533873	0	1	333	1	0	200	other	0
14	Sound	sound	533880	7	11			0		other	0
14	Port Input	4	535126	1253	8
14	Response	3	535126	1253	8
15	Picture	inhibition error	535207	0	1	333	1	0	200	other	0
16	Picture	fix	535540	0	1	6167	1	0	next	other	0
17	Picture	GO trial GO stim right idx	541707	0	1	333	1	0	200	hit	30
17	Port Input	4	544999	3291	9
17	Response	3	544999	3291	9
18	Picture	correct response	545208	0	1	333	1	0	200	other	0
19	Picture	fix	545541	0	1	6501	1	0	next	other	0
20	Picture	GO trial GO stim left idx	552042	0	1	333	1	0	200	hit	35
20	Port Input	3	555307	3266	8
20	Response	2	555307	3266	8
21	Picture	correct response	555542	0	1	333	1	0	200	other	0
22	Picture	fix	555875	0	1	6834	1	0	next	other	0
23	Picture	SC trial GO stim right index	562709	0	1	333	1	0	200	other	0
24	Picture	SC trial STOP stim right idx	564209	0	1	333	1	0	200	other	0
24	Sound	sound	564216	7	8			0		other	0
24	Port Input	4	565179	970	8
24	Response	3	565179	970	8
25	Picture	inhibition error	565376	0	1	333	1	0	200	other	0
26	Picture	fix	565709	0	1	5834	1	0	next	other	0
27	Picture	GO trial GO stim right idx	571543	0	1	333	1	0	200	hit	47
27	Port Input	4	575051	3508	9
27	Response	3	575051	3508	9
28	Picture	correct response	575210	0	1	333	1	0	200	other	0
29	Picture	fix	575543	0	1	6667	1	0	next	other	0
30	Picture	GO trial GO stim right idx	582210	0	1	333	1	0	200	hit	52
30	Port Input	4	584886	2676	9
30	Response	3	584886	2676	9
31	Picture	correct response	585044	0	1	333	1	0	200	other	0
32	Picture	fix	585377	0	1	7001	1	0	next	other	0
33	Picture	GO trial GO stim left middle	592378	0	1	333	1	0	200	hit	57
33	Port Input	2	595253	2876	8
33	Response	1	595253	2876	8
34	Picture	correct response	595378	0	1	333	1	0	200	other	0
35	Picture	fix	595711	0	1	5334	1	0	next	other	0
36	Picture	SC trial GO stim left middle	601045	0	1	333	1	0	200	other	0
37	Picture	SS trial STOP stim left middle	602379	0	1	334	1	0	200	other	0
37	Sound	SS ssd 120	602384	6	7			0		other	0
38	Picture	correct response	605546	0	1	333	1	0	200	other	0
39	Picture	fix	605879	0	1	5167	1	0	next	other	0
40	Picture	GO trial GO stim left middle	611046	0	1	333	1	0	200	hit	67
40	Port Input	2	614481	3435	9
40	Response	1	614481	3435	9
41	Picture	correct response	614713	0	1	333	1	0	200	other	0
42	Picture	fix	615046	0	1	5500	1	0	next	other	0
43	Picture	SC trial GO stim left middle	620547	0	1	334	1	0	200	other	0
44	Picture	SS trial STOP stim left middle	622047	0	1	333	1	0	200	other	0
44	Sound	SS ssd 140	622055	9	5			0		other	0
44	Port Input	2	623430	1383	9
44	Response	1	623430	1383	9
45	Picture	inhibition error	623547	0	1	334	1	0	200	other	0
46	Picture	fix	623880	0	1	6667	1	0	next	other	0
47	Picture	GO trial GO stim right idx	630547	0	1	333	1	0	200	hit	79
47	Port Input	4	633226	2679	8
47	Response	3	633226	2679	8
48	Picture	correct response	633381	0	1	333	1	0	200	other	0
49	Picture	fix	633714	0	1	6000	1	0	next	other	0
50	Picture	GO trial GO stim left middle	639715	0	1	334	1	0	200	incorrect	84
50	Port Input	3	642461	2747	9
50	Response	2	642461	2747	9
51	Picture	incorrect response	642548	0	1	333	1	0	200	other	0
52	Picture	fix	642882	0	1	6667	1	0	next	other	0
53	Picture	GO trial GO stim right middle	649549	0	1	333	1	0	200	hit	89
53	Port Input	1	653336	3787	9
53	Response	4	653336	3787	9
54	Picture	correct response	653549	0	1	334	1	0	200	other	0
55	Picture	fix	653883	0	1	5500	1	0	next	other	0
56	Picture	SC trial GO stim left middle	659383	0	1	333	1	0	200	other	0
57	Picture	SS trial STOP stim left middle	660716	0	1	334	1	0	200	other	0
57	Sound	SS ssd 120	660726	9	6			0		other	0
57	Port Input	2	662263	1547	8
57	Response	1	662263	1547	8
58	Picture	inhibition error	662383	0	1	333	1	0	200	other	0
59	Picture	fix	662716	0	1	5334	1	0	next	other	0
60	Picture	SC trial GO stim right middle	668050	0	1	333	1	0	200	other	0
61	Picture	SC trial STOP stim right middle	669217	0	1	333	1	0	200	other	0
61	Sound	SS ssd 140	669225	8	7			0		other	0
61	Port Input	1	671189	1972	8
61	Response	4	671189	1972	8
62	Picture	inhibition error	671384	0	1	333	1	0	200	other	0
63	Picture	fix	671717	0	1	6834	1	0	next	other	0
64	Picture	SC trial GO stim right middle	678551	0	1	333	1	0	200	other	0
65	Picture	SC trial STOP stim right middle	679551	0	1	333	1	0	200	other	0
65	Sound	SS ssd 140	679556	5	7			0		other	0
66	Picture	correct response	682718	0	1	333	1	0	200	other	0
67	Picture	fix	683051	0	1	6834	1	0	next	other	0
68	Picture	SC trial GO stim right middle	689885	0	1	333	1	0	200	other	0
69	Picture	SC trial STOP stim right middle	691052	0	1	334	1	0	200	other	0
69	Sound	SS ssd 140	691062	10	5			0		other	0
69	Port Input	1	693264	2212	9
69	Response	4	693264	2212	9
70	Picture	inhibition error	693385	0	1	334	1	0	200	other	0
71	Picture	fix	693719	0	1	5334	1	0	next	other	0
72	Picture	SC trial GO stim left middle	699053	0	1	333	1	0	200	other	0
73	Picture	SS trial STOP stim left middle	700053	0	1	334	1	0	200	other	0
73	Sound	SS ssd 80	700061	9	4			0		other	0
74	Picture	correct response	703219	0	1	334	1	0	200	other	0
75	Picture	fix	703553	0	1	6834	1	0	next	other	0
76	Picture	GO trial GO stim right middle	710387	0	1	333	1	0	200	hit	125
76	Port Input	1	713095	2709	8
76	Response	4	713095	2709	8
77	Picture	correct response	713220	0	1	333	1	0	200	other	0
78	Picture	fix	713554	0	1	6667	1	0	next	other	0
79	Picture	GO trial GO stim left middle	720221	0	1	333	1	0	200	hit	130
79	Port Input	2	723470	3249	9
79	Response	1	723470	3249	9
80	Picture	correct response	723554	0	1	334	1	0	200	other	0
81	Picture	fix	723888	0	1	6334	1	0	next	other	0
82	Picture	SC trial GO stim left middle	730222	0	1	333	1	0	200	other	0
83	Picture	SS trial STOP stim left middle	731388	0	1	333	1	0	200	other	0
83	Sound	SS ssd 100	731394	6	5			0		other	0
84	Picture	correct response	734555	0	1	333	1	0	200	other	0
85	Picture	fix	734889	0	1	5834	1	0	next	other	0
86	Picture	GO trial GO stim right idx	740722	0	1	334	1	0	200	hit	140
86	Port Input	4	744181	3459	9
86	Response	3	744181	3459	9
87	Picture	correct response	744389	0	1	333	1	0	200	other	0
88	Picture	fix	744723	0	1	6000	1	0	next	other	0
89	Picture	SC trial GO stim left index	750723	0	1	334	1	0	200	other	0
90	Picture	SS trial STOP stim left index	752057	0	1	333	1	0	200	other	0
90	Sound	SS ssd 120	752065	9	5			0		other	0
91	Picture	correct response	755224	0	1	333	1	0	200	other	0
92	Picture	fix	755557	0	1	6667	1	0	next	other	0
93	Picture	GO trial GO stim left idx	762224	0	1	333	1	0	200	hit	150
93	Port Input	3	765334	3110	9
93	Response	2	765334	3110	9
94	Picture	correct response	765557	0	1	334	1	0	200	other	0
95	Picture	fix	765891	0	1	5667	1	0	next	other	0
96	Picture	GO trial GO stim left middle	771558	0	1	333	1	0	200	hit	155
96	Port Input	2	774189	2630	8
96	Response	1	774189	2630	8
97	Picture	correct response	774392	0	1	333	1	0	200	other	0
98	Picture	fix	774725	0	1	6834	1	0	next	other	0
99	Picture	SC trial GO stim left middle	781559	0	1	333	1	0	200	other	0
100	Picture	SS trial STOP stim left middle	783059	0	1	333	1	0	200	other	0
100	Sound	SS ssd 140	783067	8	5			0		other	0
100	Port Input	2	784303	1244	9
100	Response	1	784303	1244	9
101	Picture	inhibition error	784392	0	1	333	1	0	200	other	0
102	Picture	fix	784726	0	1	6667	1	0	next	other	0
103	Picture	SC trial GO stim left index	791393	0	1	333	1	0	200	other	0
104	Picture	SS trial STOP stim left index	792726	0	1	333	1	0	200	other	0
104	Sound	SS ssd 120	792736	9	6			0		other	0
104	Port Input	3	793702	975	8
104	Response	2	793702	975	8
105	Picture	inhibition error	793893	0	1	333	1	0	200	other	0
106	Picture	fix	794226	0	1	6167	1	0	next	other	0
107	Picture	GO trial GO stim right idx	800394	0	1	333	1	0	200	hit	174
107	Port Input	4	802826	2432	9
107	Response	3	802826	2432	9
108	Picture	correct response	803061	0	1	333	1	0	200	other	0
109	Picture	fix	803394	0	1	5834	1	0	next	other	0
110	Picture	GO trial GO stim left idx	809228	0	1	334	1	0	200	hit	179
110	Port Input	3	811983	2755	10
110	Response	2	811983	2755	10
111	Picture	correct response	812061	0	1	333	1	0	200	other	0
112	Picture	fix	812394	0	1	6334	1	0	next	other	0
113	Picture	SC trial GO stim right middle	818728	0	1	333	1	0	200	other	0
114	Picture	SC trial STOP stim right middle	819895	0	1	333	1	0	200	other	0
114	Sound	SS ssd 140	819903	8	10			0		other	0
114	Port Input	1	821329	1434	8
114	Response	4	821329	1434	8
115	Picture	inhibition error	821562	0	1	333	1	0	200	other	0
116	Picture	fix	821895	0	1	5833	1	0	next	other	0
117	Picture	GO trial GO stim right idx	827729	0	1	334	1	0	200	hit	191
117	Port Input	4	830789	3061	8
117	Response	3	830789	3061	8
118	Picture	correct response	830896	0	1	333	1	0	200	other	0
119	Picture	fix	831229	0	1	6334	1	0	next	other	0
120	Picture	GO trial GO stim left middle	837563	0	1	333	1	0	200	hit	196
120	Port Input	2	841489	3926	9
120	Response	1	841489	3926	9
121	Picture	correct response	841730	0	1	333	1	0	200	other	0
122	Picture	fix	842064	0	1	7000	1	0	next	other	0
123	Picture	GO trial GO stim right idx	849064	0	1	333	1	0	200	hit	201
123	Port Input	4	851279	2215	8
123	Response	3	851279	2215	8
124	Picture	correct response	851397	0	1	333	1	0	200	other	0
125	Picture	fix	851731	0	1	6159	9	0	next	other	0
126	Picture	GO trial GO stim left middle	857890	0	9	341	9	0	200	hit	206
126	Port Input	2	861032	3142	9
126	Response	1	861032	3142	9
127	Picture	correct response	861231	0	1	334	1	0	200	other	0
128	Picture	fix	861565	0	1	6834	1	0	next	other	0
129	Picture	SC trial GO stim left index	868399	0	1	334	1	0	200	other	0
130	Picture	SS trial STOP stim left index	869399	0	1	333	1	0	200	other	0
130	Sound	SS ssd 80	869407	8	5			0		other	0
130	Port Input	3	871014	1615	8
130	Response	2	871014	1615	8
131	Picture	inhibition error	871232	0	1	333	1	0	200	other	0
132	Picture	fix	871566	0	1	5834	1	0	next	other	0
133	Picture	SC trial GO stim left middle	877400	0	1	333	1	0	200	other	0
134	Picture	SS trial STOP stim left middle	878066	0	1	333	1	0	200	other	0
134	Sound	SS ssd 60	878074	8	6			0		other	0
135	Picture	correct response	881233	0	1	333	1	0	200	other	0
136	Picture	fix	881566	0	1	6000	1	0	next	other	0
136	Port Input	2	882969	1402	9
136	Response	1	882969	1402	9
137	Picture	GO trial GO stim right middle	887567	0	1	333	1	0	200	hit	225
137	Port Input	1	891206	3639	8
137	Response	4	891206	3639	8
138	Picture	correct response	891401	0	1	333	1	0	200	other	0
139	Picture	fix	891734	0	1	6834	1	0	next	other	0
140	Picture	SC trial GO stim left middle	898568	0	1	333	1	0	200	other	0
141	Picture	SS trial STOP stim left middle	899568	0	1	333	1	0	200	other	0
141	Sound	SS ssd 80	899573	5	11			0		other	0
141	Port Input	2	901044	1477	8
141	Response	1	901044	1477	8
142	Picture	inhibition error	901235	0	1	333	1	0	200	other	0
143	Picture	fix	901568	0	1	5334	1	0	next	other	0
144	Picture	GO trial GO stim right middle	906902	0	1	333	1	0	200	hit	237
144	Port Input	1	910319	3417	8
144	Response	4	910319	3417	8
145	Picture	correct response	910402	0	1	333	1	0	200	other	0
146	Picture	fix	910735	0	1	5167	1	0	next	other	0
147	Picture	SC trial GO stim right middle	915902	0	1	333	1	0	200	other	0
148	Picture	SC trial STOP stim right middle	916569	0	1	333	1	0	200	other	0
148	Sound	SS ssd 140	916577	8	7			0		other	0
148	Port Input	1	919027	2458	9
148	Response	4	919027	2458	9
149	Picture	inhibition error	919236	0	1	334	1	0	200	other	0
150	Picture	fix	919569	0	1	5334	1	0	next	other	0
151	Picture	GO trial GO stim right middle	924903	0	1	333	1	0	200	hit	249
151	Port Input	1	928769	3866	8
151	Response	4	928769	3866	8
152	Picture	correct response	928903	0	1	333	1	0	200	other	0
153	Picture	fix	929236	0	1	6334	1	0	next	other	0
154	Picture	GO trial GO stim right middle	935571	0	1	333	1	0	200	hit	254
154	Port Input	1	938257	2687	9
154	Response	4	938257	2687	9
155	Picture	correct response	938395	0	9	342	10	0	200	other	0
156	Picture	fix	938737	0	1	6501	1	0	next	other	0
157	Picture	SC trial GO stim right index	945238	0	1	333	1	0	200	other	0
158	Picture	SC trial STOP stim right idx	945738	0	1	333	1	0	200	other	0
158	Sound	fc ssd 60	945744	6	10			0		other	0
159	Picture	correct response	948905	0	1	333	1	0	200	other	0
160	Picture	fix	949238	0	1	7167	1	0	next	other	0
161	Picture	GO trial GO stim left idx	956405	0	1	333	1	0	200	hit	264
161	Port Input	3	959171	2766	9
161	Response	2	959171	2766	9
162	Picture	correct response	959406	0	1	333	1	0	200	other	0
163	Picture	fix	959739	0	1	6334	1	0	next	other	0
164	Picture	SC trial GO stim left index	966073	0	1	333	1	0	200	other	0
165	Picture	SS trial STOP stim left index	966740	0	1	333	1	0	200	other	0
165	Sound	SS ssd 60	966744	4	4			0		other	0
166	Picture	correct response	969906	0	1	333	1	0	200	other	0
167	Picture	fix	970240	0	1	5834	1	0	next	other	0
168	Picture	GO trial GO stim right idx	976073	0	1	333	1	0	200	hit	274
168	Port Input	4	978684	2610	8
168	Response	3	978684	2610	8
169	Picture	correct response	978907	0	1	334	1	0	200	other	0
170	Picture	fix	979240	0	1	6000	1	0	next	other	0
171	Picture	GO trial GO stim right middle	985241	0	1	333	1	0	200	hit	279
171	Port Input	1	988415	3174	9
171	Response	4	988415	3174	9
172	Picture	correct response	988574	0	1	334	2	0	200	other	0
173	Picture	fix	988908	0	1	5500	1	0	next	other	0
174	Picture	SC trial GO stim left index	994408	0	1	333	1	0	200	other	0
175	Picture	SS trial STOP stim left index	995408	0	1	334	1	0	200	other	0
175	Sound	SS ssd 80	995413	5	5			0		other	0
176	Picture	correct response	998575	0	1	333	1	0	200	other	0
177	Picture	fix	998908	0	1	5667	1	0	next	other	0
178	Picture	SC trial GO stim right index	1004576	0	1	333	1	0	200	other	0
179	Picture	SC trial STOP stim right idx	1005743	0	1	333	1	0	200	other	0
179	Sound	fc ssd 60	1005749	6	6			0		other	0
179	Port Input	4	1007293	1550	9
179	Response	3	1007293	1550	9
180	Picture	inhibition error	1007409	0	1	333	1	0	200	other	0
181	Picture	fix	1007742	0	1	6667	1	0	next	other	0
182	Picture	SC trial GO stim left middle	1014410	0	1	333	1	0	200	other	0
183	Picture	SS trial STOP stim left middle	1015410	0	1	334	1	0	200	other	0
183	Sound	SS ssd 80	1015416	6	5			0		other	0
184	Picture	correct response	1018577	0	1	333	1	0	200	other	0
185	Picture	fix	1018910	0	1	6667	1	0	next	other	0
186	Picture	SC trial GO stim left middle	1025577	0	1	333	1	0	200	other	0
187	Picture	SS trial STOP stim left middle	1026744	0	1	333	1	0	200	other	0
187	Sound	SS ssd 100	1026753	9	11			0		other	0
188	Picture	correct response	1029911	0	1	333	1	0	200	other	0
189	Picture	fix	1030244	0	1	5167	1	0	next	other	0
190	Picture	GO trial GO stim left middle	1035411	0	1	334	1	0	200	hit	306
190	Port Input	2	1039884	4473	9
190	Response	1	1039884	4473	9
191	Picture	correct response	1040078	0	1	334	1	0	200	other	0
192	Picture	fix	1040412	0	1	6000	1	0	next	other	0
193	Picture	GO trial GO stim right idx	1046412	0	1	333	1	0	200	hit	311
193	Port Input	4	1049492	3080	9
193	Response	3	1049492	3080	9
194	Picture	correct response	1049579	0	1	333	1	0	200	other	0
195	Picture	fix	1049912	0	1	5834	1	0	next	other	0
196	Picture	GO trial GO stim left idx	1055746	0	1	333	1	0	200	hit	316
196	Port Input	3	1058714	2967	9
196	Response	2	1058714	2967	9
197	Picture	correct response	1058913	0	1	333	1	0	200	other	0
198	Picture	fix	1059246	0	1	6500	1	0	next	other	0
199	Picture	SC trial GO stim left index	1065747	0	1	333	1	0	200	other	0
200	Picture	SS trial STOP stim left index	1067080	0	1	333	1	0	200	other	0
200	Sound	SS ssd 120	1067085	5	5			0		other	0
200	Port Input	3	1068250	1169	8
200	Response	2	1068250	1169	8
201	Picture	inhibition error	1068414	0	1	334	1	0	200	other	0
202	Picture	fix	1068747	0	1	5500	1	0	next	other	0
203	Picture	GO trial GO stim left middle	1074248	0	1	333	1	0	200	hit	328
203	Port Input	2	1077083	2835	9
203	Response	1	1077083	2835	9
204	Picture	correct response	1077248	0	1	333	1	0	200	other	0
205	Picture	fix	1077581	0	1	6500	1	0	next	other	0
206	Picture	GO trial GO stim right middle	1084082	0	1	333	1	0	200	incorrect	333
206	Port Input	4	1086473	2392	9
206	Response	3	1086473	2392	9
207	Picture	incorrect response	1086582	0	1	333	1	0	200	other	0
208	Picture	fix	1086915	0	1	6834	1	0	next	other	0
209	Picture	GO trial GO stim left middle	1093749	0	1	333	1	0	200	hit	338
209	Port Input	2	1096089	2339	9
209	Response	1	1096089	2339	9
210	Picture	correct response	1096249	0	1	333	1	0	200	other	0
211	Picture	fix	1096583	0	1	7167	1	0	next	other	0
212	Picture	GO trial GO stim left idx	1103750	0	1	333	1	0	200	hit	343
212	Port Input	3	1106424	2674	9
212	Response	2	1106424	2674	9
213	Picture	correct response	1106583	0	1	333	1	0	200	other	0
214	Picture	fix	1106917	0	1	6334	1	0	next	other	0
215	Picture	SC trial GO stim right index	1113251	0	1	333	1	0	200	other	0
216	Picture	SC trial STOP stim right idx	1114417	0	1	333	1	0	200	other	0
216	Sound	fc ssd 60	1114426	9	7			0		other	0
217	Picture	correct response	1117584	0	1	333	1	0	200	other	0
218	Picture	fix	1117918	0	1	6834	1	0	next	other	0
219	Picture	SC trial GO stim left index	1124751	0	1	334	1	0	200	other	0
220	Picture	SS trial STOP stim left index	1126085	0	1	333	1	0	200	other	0
220	Sound	SS ssd 120	1126092	7	10			0		other	0
220	Port Input	3	1127441	1356	9
220	Response	2	1127441	1356	9
221	Picture	inhibition error	1127585	0	1	333	1	0	200	other	0
222	Picture	fix	1127918	0	1	7000	1	0	next	other	0
223	Picture	GO trial GO stim right idx	1134919	0	1	334	1	0	200	hit	360
223	Port Input	4	1138032	3113	9
223	Response	3	1138032	3113	9
224	Picture	correct response	1138253	0	1	333	1	0	200	other	0
225	Picture	fix	1138586	0	1	6500	1	0	next	other	0
226	Picture	SC trial GO stim right index	1145086	0	1	333	1	0	200	other	0
227	Picture	SC trial STOP stim right idx	1146253	0	1	333	1	0	200	other	0
227	Sound	fc ssd 60	1146261	8	5			0		other	0
227	Port Input	4	1147647	1394	9
227	Response	3	1147647	1394	9
228	Picture	inhibition error	1147753	0	1	333	1	0	200	other	0
229	Picture	fix	1148087	0	1	5167	1	0	next	other	0
230	Picture	GO trial GO stim right middle	1153254	0	1	333	1	0	200	hit	372
230	Port Input	1	1156213	2959	9
230	Response	4	1156213	2959	9
231	Picture	correct response	1156421	0	1	333	1	0	200	other	0
232	Picture	fix	1156754	0	1	6167	1	0	next	other	0
233	Picture	SC trial GO stim right middle	1162921	0	1	333	1	0	200	other	0
234	Picture	SC trial STOP stim right middle	1163921	0	1	334	1	0	200	other	0
234	Sound	SS ssd 100	1163927	6	7			0		other	0
234	Port Input	1	1165769	1848	9
234	Response	4	1165769	1848	9
235	Picture	inhibition error	1165921	0	1	333	1	0	200	other	0
236	Picture	fix	1166254	0	1	6000	1	0	next	other	0
237	Picture	SC trial GO stim right middle	1172255	0	1	334	1	0	200	other	0
238	Picture	SC trial STOP stim right middle	1173088	0	1	334	1	0	200	other	0
238	Sound	SS ssd 100	1173097	9	8			0		other	0
238	Port Input	1	1175823	2735	9
238	Response	4	1175823	2735	9
239	Picture	inhibition error	1175922	0	1	333	1	0	200	other	0
240	Picture	fix	1176255	0	1	5998	4	0	next	other	0
241	Picture	SC trial GO stim right index	1182253	0	4	336	4	0	200	other	0
242	Picture	SC trial STOP stim right idx	1182756	0	1	333	1	0	200	other	0
242	Sound	fc ssd 60	1182765	9	12			0		other	0
243	Picture	correct response	1185923	0	1	333	1	0	200	other	0
244	Picture	fix	1186256	0	1	5334	2	0	next	other	0
245	Picture	GO trial GO stim left middle	1191590	0	1	334	1	0	200	hit	396
245	Port Input	2	1195104	3514	9
245	Response	1	1195104	3514	9
246	Picture	correct response	1195257	0	1	333	1	0	200	other	0
247	Picture	fix	1195590	0	1	6001	1	0	next	other	0
248	Picture	SC trial GO stim right index	1201591	0	1	333	1	0	200	other	0
249	Picture	SC trial STOP stim right idx	1202257	0	1	333	1	0	200	other	0
249	Sound	fc ssd 60	1202267	9	7			0		other	0
250	Picture	correct response	1205424	0	1	334	1	0	200	other	0
251	Picture	fix	1205758	0	1	5667	1	0	next	other	0
252	Picture	SC trial GO stim left index	1211425	0	1	333	1	0	200	other	0
253	Picture	SS trial STOP stim left index	1212425	0	1	334	1	0	200	other	0
253	Sound	SS ssd 80	1212434	9	7			0		other	0
253	Port Input	3	1213512	1087	9
253	Response	2	1213512	1087	9
254	Picture	inhibition error	1213758	0	1	333	1	0	200	other	0
255	Picture	fix	1214091	0	1	5830	5	0	next	other	0
256	Picture	SC trial GO stim right middle	1219922	0	4	337	5	0	200	other	0
257	Picture	SC trial STOP stim right middle	1220592	0	1	333	1	0	200	other	0
257	Sound	SS ssd 60	1220601	9	6			0		other	0
258	Picture	correct response	1223759	0	1	333	1	0	200	other	0
259	Picture	fix	1224092	0	1	7001	1	0	next	other	0
260	Picture	SC trial GO stim left middle	1231093	0	1	334	1	0	200	other	0
261	Picture	SS trial STOP stim left middle	1232093	0	1	333	1	0	200	other	0
261	Sound	SS ssd 80	1232101	9	10			0		other	0
261	Port Input	3	1233580	1487	9
261	Response	2	1233580	1487	9
262	Picture	incorrect response	1233760	0	1	334	1	0	200	other	0
263	Picture	fix	1234093	0	1	5500	1	0	next	other	0
263	Port Input	2	1234799	705	8
263	Response	1	1234799	705	8
264	Picture	GO trial GO stim right idx	1239594	0	1	333	1	0	200	hit	427
264	Port Input	4	1242882	3288	9
264	Response	3	1242882	3288	9
265	Picture	correct response	1243094	0	1	334	1	0	200	other	0
266	Picture	fix	1243427	0	1	6334	1	0	next	other	0
267	Picture	SC trial GO stim left index	1249761	0	1	333	1	0	200	other	0
268	Picture	SS trial STOP stim left index	1250427	0	1	333	1	0	200	other	0
268	Sound	SS ssd 60	1250436	9	8			0		other	0
269	Picture	correct response	1253595	0	1	333	1	0	200	other	0
269	Port Input	3	1253660	65	9
269	Response	2	1253660	65	9
270	Picture	fix	1253928	0	1	6834	1	0	next	other	0
271	Picture	SC trial GO stim right index	1260762	0	1	333	1	0	200	other	0
272	Picture	SC trial STOP stim right idx	1261762	0	1	333	1	0	200	other	0
272	Sound	fc ssd 60	1261767	5	6			0		other	0
272	Port Input	4	1263284	1522	9
272	Response	3	1263284	1522	9
273	Picture	inhibition error	1263429	0	1	333	1	0	200	other	0
274	Picture	fix	1263762	0	1	5334	1	0	next	other	0
275	Picture	SC trial GO stim left middle	1269096	0	1	333	1	0	200	other	0
276	Picture	SS trial STOP stim left middle	1269762	0	1	333	1	0	200	other	0
276	Sound	SS ssd 60	1269768	6	4			0		other	0
277	Picture	correct response	1272929	0	1	333	1	0	200	other	0
278	Picture	fix	1273263	0	1	7001	1	0	next	other	0
279	Picture	SC trial GO stim right middle	1280263	0	1	334	1	0	200	other	0
280	Picture	SC trial STOP stim right middle	1281263	0	1	333	1	0	200	other	0
280	Sound	SS ssd 80	1281273	10	9			0		other	0
280	Port Input	1	1282930	1667	9
280	Response	4	1282930	1667	9
281	Picture	inhibition error	1283097	0	1	334	1	0	200	other	0
282	Picture	fix	1283430	0	1	6500	1	0	next	other	0
283	Picture	SC trial GO stim right index	1289931	0	1	333	1	0	200	other	0
284	Picture	SC trial STOP stim right idx	1290597	0	1	333	1	0	200	other	0
284	Sound	fc ssd 80	1290605	8	5			0		other	0
285	Picture	correct response	1293764	0	1	333	1	0	200	other	0
286	Picture	fix	1294098	0	1	5334	1	0	next	other	0
287	Picture	GO trial GO stim left idx	1299431	0	1	333	1	0	200	hit	463
287	Port Input	3	1303903	4472	8
287	Response	2	1303903	4472	8
288	Picture	correct response	1304098	0	1	333	1	0	200	other	0
289	Picture	fix	1304432	0	1	6834	1	0	next	other	0
290	Picture	SC trial GO stim right middle	1311266	0	1	334	1	0	200	other	0
291	Picture	SC trial STOP stim right middle	1312266	0	1	334	1	0	200	other	0
291	Sound	SS ssd 60	1312272	7	10			0		other	0
292	Picture	correct response	1315433	0	1	333	1	0	200	other	0
293	Picture	fix	1315766	0	1	5667	1	0	next	other	0
294	Picture	GO trial GO stim right middle	1321433	0	1	333	1	0	200	hit	473
294	Port Input	1	1324641	3208	9
294	Response	4	1324641	3208	9
295	Picture	correct response	1324766	0	1	333	1	0	200	other	0
296	Picture	fix	1325100	0	1	7167	1	0	next	other	0
297	Picture	SC trial GO stim right middle	1332267	0	1	333	1	0	200	other	0
298	Picture	SC trial STOP stim right middle	1333434	0	1	333	1	0	200	other	0
298	Sound	SS ssd 60	1333441	7	5			0		other	0
298	Port Input	1	1335020	1586	8
298	Response	4	1335020	1586	8
299	Picture	inhibition error	1335101	0	1	334	1	0	200	other	0
300	Picture	fix	1335434	0	1	5500	1	0	next	other	0
301	Picture	GO trial GO stim left idx	1340934	0	1	333	1	0	200	hit	485
301	Port Input	3	1344957	4022	9
301	Response	2	1344957	4022	9
302	Picture	correct response	1345093	0	9	341	9	0	200	other	0
303	Picture	fix	1345435	0	1	5500	1	0	next	other	0
304	Picture	GO trial GO stim left idx	1350935	0	1	334	1	0	200	hit	490
304	Port Input	3	1353490	2555	9
304	Response	2	1353490	2555	9
305	Picture	correct response	1353602	0	1	333	1	0	200	other	0
306	Picture	fix	1353935	0	1	5167	1	0	next	other	0
307	Picture	SC trial GO stim right index	1359103	0	1	333	1	0	200	other	0
308	Picture	SC trial STOP stim right idx	1360102	0	1	334	1	0	200	other	0
308	Sound	fc ssd 100	1360109	7	6			0		other	0
309	Picture	correct response	1363269	0	1	334	1	0	200	other	0
310	Picture	fix	1363603	0	1	6167	1	0	next	other	0
311	Picture	GO trial GO stim left middle	1369770	0	1	333	1	0	200	hit	500
311	Port Input	2	1372894	3124	9
311	Response	1	1372894	3124	9
312	Picture	correct response	1373104	0	1	333	1	0	200	other	0
313	Picture	fix	1373437	0	1	6667	1	0	next	other	0
314	Picture	SC trial GO stim right index	1380104	0	1	333	1	0	200	other	0
315	Picture	SC trial STOP stim right idx	1381271	0	1	334	1	0	200	other	0
315	Sound	fc ssd 100	1381279	8	7			0		other	0
315	Port Input	4	1382785	1515	8
315	Response	3	1382785	1515	8
316	Picture	inhibition error	1382932	0	6	339	7	0	200	other	0
317	Picture	fix	1383271	0	1	6167	1	0	next	other	0
318	Picture	SC trial GO stim right middle	1389438	0	1	333	1	0	200	other	0
319	Picture	SC trial STOP stim right middle	1390438	0	1	333	1	0	200	other	0
319	Sound	SS ssd 100	1390444	6	5			0		other	0
320	Picture	correct response	1393605	0	1	333	1	0	200	other	0
321	Picture	fix	1393938	0	1	6167	1	0	next	other	0
322	Picture	SC trial GO stim left index	1400105	0	1	333	1	0	200	other	0
323	Picture	SS trial STOP stim left index	1401272	0	1	333	1	0	200	other	0
323	Sound	SS ssd 100	1401280	7	5			0		other	0
324	Picture	correct response	1404439	0	1	333	1	0	200	other	0
325	Picture	fix	1404773	0	1	7167	1	0	next	other	0
326	Picture	GO trial GO stim right middle	1411940	0	1	333	1	0	200	hit	522
326	Port Input	1	1414196	2256	9
326	Response	4	1414196	2256	9
327	Picture	correct response	1414273	0	1	333	1	0	200	other	0
328	Picture	fix	1414607	0	1	6667	1	0	next	other	0
329	Picture	GO trial GO stim right middle	1421274	0	1	333	1	0	200	hit	527
329	Port Input	1	1424060	2786	9
329	Response	4	1424060	2786	9
330	Picture	correct response	1424274	0	1	333	1	0	200	other	0
331	Picture	fix	1424607	0	1	5167	1	0	next	other	0
332	Picture	SC trial GO stim left index	1429775	0	1	333	1	0	200	other	0
333	Picture	SS trial STOP stim left index	1431108	0	1	334	1	0	200	other	0
333	Sound	SS ssd 120	1431117	9	5			0		other	0
334	Picture	correct response	1434275	0	1	333	1	0	200	other	0
335	Picture	fix	1434608	0	1	7167	1	0	next	other	0
336	Picture	GO trial GO stim left idx	1441775	0	1	333	1	0	200	hit	537
336	Port Input	3	1445540	3765	9
336	Response	2	1445540	3765	9
337	Picture	correct response	1445776	0	1	333	1	0	200	other	0
338	Picture	fix	1446109	0	1	7167	1	0	next	other	0
339	Quit		2879286	1426010	NA


{
   "app": "Presentation Version 20.2 Build 07.25.18",
   "device": "MouseComputer Co.,Ltd. DAIV-DGX750",
   "experiment": "{5C18760D-5E33-42FE-A525-92CE837386B5}",
   "os": "Windows 10 64 bit",
   "package": "",
   "parameters": {
      "configuration": "Default configuration"
   },
   "scenario": "StopSignalRecording.sce",
   "subject": "",
   "timestamp": "2019/02/19 00:26:27 GMT"
}
