Scenario - 
Logfile written - 02/13/2019 09:31:59

Trial	Event Type	Code	Time	TTime	Uncertainty	Duration	Uncertainty	ReqTime	ReqDur	Stim Type	Pair Index

1	Picture	fix	666	0	1	5167	1	0	next	other	0
2	Picture	GO trial GO stim left idx	5833	0	1	334	1	0	200	miss	0
3	Picture	omission	11001	0	1	3167	1	0	3000	other	0
4	Picture	fix	14167	0	1	5167	1	0	next	other	0
5	Picture	GO trial GO stim left idx	19334	0	1	334	1	0	200	hit	7
5	Port Input	3	23163	3829	8
5	Response	2	23163	3829	8
6	Picture	omission	23335	0	1	3167	1	0	3000	other	0
7	Picture	correct response	26502	0	1	333	1	0	200	other	0
8	Picture	fix	26835	0	1	5167	1	0	next	other	0
9	Picture	GO trial GO stim left idx	32002	0	1	333	1	0	200	miss	0
10	Picture	omission	37169	0	1	3167	1	0	3000	other	0
10	Port Input	3	37234	65	7
10	Response	2	37234	65	7
11	Picture	fix	40336	0	1	5167	1	0	next	other	0
12	Picture	GO trial GO stim right middle	45503	0	1	333	1	0	200	hit	18
12	Port Input	1	48500	2997	9
12	Response	4	48500	2997	9
13	Picture	omission	48670	0	1	3167	1	0	3000	other	0
14	Picture	correct response	51837	0	1	333	1	0	200	other	0
15	Picture	fix	52170	0	1	5167	1	0	next	other	0
16	Picture	SC trial GO stim right middle	57337	0	1	334	1	0	200	other	0
17	Picture	SC trial CHANGE stim right idx	58837	0	1	1327	8	0	200	miss	0
17	Sound	fc ssd 140	58870	33	1168			0		other	0
17	Port Input	1	60647	1810	8
17	Response	4	60647	1810	8
18	Picture	omission	60838	0	1	3167	1	0	3000	other	0
19	Picture	inhibition error	64005	0	1	333	1	0	200	other	0
20	Picture	fix	64338	0	1	5167	1	0	next	other	0
21	Picture	SC trial GO stim left middle	69505	0	1	333	1	0	200	other	0
22	Picture	SC trial CHANGE stim right middle	71005	0	1	333	1	0	200	miss	0
22	Sound	hc ssd 140	71015	10	5			0		other	0
22	Port Input	2	72338	1333	9
22	Response	1	72338	1333	9
23	Picture	omission	72505	0	1	3167	1	0	3000	other	0
24	Picture	inhibition error	75672	0	1	334	1	0	200	other	0
25	Picture	fix	76006	0	1	5167	1	0	next	other	0
26	Picture	SC trial GO stim right index	81172	0	1	333	1	0	200	other	0
27	Picture	SC trial CHANGE stim right middle	82673	0	1	333	1	0	200	miss	0
27	Sound	fc ssd 130	82679	6	9			0		other	0
27	Port Input	4	83617	945	10
27	Response	3	83617	945	10
28	Picture	omission	83839	0	1	3167	1	0	3000	other	0
29	Picture	inhibition error	87006	0	1	333	1	0	200	other	0
30	Picture	fix	87340	0	1	5167	1	0	next	other	0
31	Picture	SC trial GO stim left index	92507	0	1	333	1	0	200	other	0
32	Picture	SC trial CHANGE stim right idx	94007	0	1	333	1	0	200	miss	0
32	Sound	hc ssd 130	94014	7	4			0		other	0
32	Port Input	4	96918	2911	9
32	Response	3	96918	2911	9
33	Picture	omission	97007	0	1	3167	1	0	3000	other	0
34	Picture	correct response	100174	0	1	333	1	0	200	other	0
35	Picture	fix	100507	0	1	5167	1	0	next	other	0
36	Picture	GO trial GO stim right middle	105674	0	1	333	1	0	200	hit	56
36	Port Input	1	108370	2696	9
36	Response	4	108370	2696	9
37	Picture	omission	108504	0	5	3171	5	0	3000	other	0
38	Picture	correct response	111675	0	1	333	1	0	200	other	0
39	Picture	fix	112008	0	1	5167	1	0	next	other	0
40	Picture	GO trial GO stim right middle	117175	0	1	334	1	0	200	hit	62
40	Port Input	1	120254	3079	9
40	Response	4	120254	3079	9
41	Picture	omission	120342	0	1	3167	1	0	3000	other	0
42	Picture	correct response	123509	0	1	333	1	0	200	other	0
43	Picture	fix	123842	0	1	5167	1	0	next	other	0
44	Picture	SC trial GO stim left index	129010	0	1	333	1	0	200	other	0
45	Picture	SC trial CHANGE stim right idx	130509	0	1	333	1	0	200	miss	0
45	Sound	hc ssd 140	130519	9	7			0		other	0
45	Port Input	4	133428	2919	9
45	Response	3	133428	2919	9
46	Picture	omission	133510	0	1	3167	1	0	3000	other	0
47	Picture	correct response	136677	0	1	333	1	0	200	other	0
48	Picture	fix	137010	0	1	5167	1	0	next	other	0
49	Picture	GO trial GO stim right middle	142177	0	1	333	1	0	200	hit	76
49	Port Input	1	145260	3083	9
49	Response	4	145260	3083	9
50	Picture	omission	145344	0	1	3167	1	0	3000	other	0
51	Picture	correct response	148511	0	1	333	1	0	200	other	0
52	Picture	fix	148844	0	1	5167	1	0	next	other	0
53	Picture	SC trial GO stim right index	154011	0	1	333	1	0	200	other	0
54	Picture	SC trial CHANGE stim right middle	155345	0	1	333	1	0	200	miss	0
54	Sound	fc ssd 120	155352	7	7			0		other	0
54	Port Input	4	158080	2735	9
54	Response	3	158080	2735	9
55	Picture	omission	158178	0	1	3167	1	0	3000	other	0
56	Picture	inhibition error	161345	0	1	334	1	0	200	other	0
57	Picture	fix	161679	0	1	5167	1	0	next	other	0
58	Picture	GO trial GO stim right middle	166846	0	1	333	1	0	200	hit	90
58	Port Input	1	170442	3596	9
58	Response	4	170442	3596	9
59	Picture	omission	170513	0	1	3167	1	0	3000	other	0
60	Picture	correct response	173679	0	1	333	1	0	200	other	0
61	Picture	fix	174013	0	1	5167	1	0	next	other	0
62	Picture	SC trial GO stim left middle	179180	0	1	333	1	0	200	other	0
63	Picture	SC trial CHANGE stim right middle	180847	0	1	333	1	0	200	miss	0
63	Sound	hc ssd 150	180854	8	6			0		other	0
63	Port Input	1	184176	3330	9
63	Response	4	184176	3330	9
64	Picture	omission	184347	0	1	3167	1	0	3000	other	0
65	Picture	correct response	187514	0	1	333	1	0	200	other	0
66	Picture	fix	187847	0	1	5167	1	0	next	other	0
67	Picture	GO trial GO stim left middle	193014	0	1	333	1	0	200	hit	104
67	Port Input	2	197964	4949	9
67	Response	1	197964	4949	9
68	Picture	omission	198181	0	1	3167	1	0	3000	other	0
69	Picture	correct response	201348	0	1	333	1	0	200	other	0
70	Picture	fix	201681	0	1	5167	1	0	next	other	0
71	Picture	SC trial GO stim left middle	206849	0	1	333	1	0	200	other	0
72	Picture	SC trial CHANGE stim right middle	208682	0	1	334	1	0	200	miss	0
72	Sound	hc ssd 160	208689	7	7			0		other	0
72	Port Input	1	211762	3080	9
72	Response	4	211762	3080	9
73	Picture	omission	211849	0	1	3167	1	0	3000	other	0
74	Picture	correct response	215016	0	1	333	1	0	200	other	0
75	Picture	fix	215349	0	1	5167	1	0	next	other	0
76	Picture	SC trial GO stim right middle	220516	0	1	333	1	0	200	other	0
77	Picture	SC trial CHANGE stim right idx	221850	0	1	334	2	0	200	miss	0
77	Sound	fc ssd 110	221858	9	5			0		other	0
77	Port Input	1	223858	2008	9
77	Response	4	223858	2008	9
78	Picture	omission	224017	0	1	3167	1	0	3000	other	0
78	Port Input	4	225203	1186	8
78	Response	3	225203	1186	8
79	Picture	inhibition error	227183	0	1	334	1	0	200	other	0
80	Picture	fix	227517	0	1	5167	1	0	next	other	0
81	Picture	SC trial GO stim left middle	232684	0	1	333	1	0	200	other	0
82	Picture	SC trial CHANGE stim right middle	234517	0	1	333	1	0	200	miss	0
82	Sound	hc ssd 170	234527	10	10			0		other	0
82	Port Input	4	237586	3068	9
82	Response	3	237586	3068	9
83	Picture	omission	237684	0	1	3167	1	0	3000	other	0
84	Picture	incorrect response	240851	0	1	333	1	0	200	other	0
85	Picture	fix	241185	0	1	5167	1	0	next	other	0
86	Picture	SC trial GO stim left index	246352	0	1	333	1	0	200	other	0
87	Picture	SC trial CHANGE stim right idx	248185	0	1	334	2	0	200	miss	0
87	Sound	hc ssd 160	248195	10	10			0		other	0
87	Port Input	4	251342	3157	9
87	Response	3	251342	3157	9
88	Picture	omission	251519	0	1	3167	1	0	3000	other	0
89	Picture	correct response	254685	0	1	333	1	0	200	other	0
90	Picture	fix	255019	0	1	5167	1	0	next	other	0
91	Picture	SC trial GO stim right middle	260186	0	1	333	1	0	200	other	0
92	Picture	SC trial CHANGE stim right idx	261353	0	1	333	1	0	200	miss	0
92	Sound	fc ssd 100	261360	7	4			0		other	0
92	Port Input	1	263764	2412	9
92	Response	4	263764	2412	9
93	Picture	omission	263853	0	1	3167	1	0	3000	other	0
94	Picture	inhibition error	267020	0	1	333	1	0	200	other	0
95	Picture	fix	267353	0	1	5167	1	0	next	other	0
96	Picture	SC trial GO stim left middle	272520	0	1	333	1	0	200	other	0
97	Picture	SC trial CHANGE stim right middle	274354	0	1	333	1	0	200	miss	0
97	Sound	hc ssd 170	274360	6	7			0		other	0
97	Port Input	1	277236	2882	9
97	Response	4	277236	2882	9
98	Picture	omission	277354	0	1	3167	1	0	3000	other	0
99	Picture	correct response	280521	0	1	333	1	0	200	other	0
100	Picture	fix	280854	0	1	5167	1	0	next	other	0
101	Picture	GO trial GO stim right idx	286021	0	1	333	1	0	200	hit	160
101	Port Input	4	289395	3373	9
101	Response	3	289395	3373	9
102	Picture	omission	289521	0	1	3167	2	0	3000	other	0
103	Picture	correct response	292689	0	1	333	1	0	200	other	0
104	Picture	fix	293022	0	1	5167	1	0	next	other	0
105	Picture	SC trial GO stim left index	298189	0	1	333	1	0	200	other	0
106	Picture	SC trial CHANGE stim right idx	300189	0	1	333	1	0	200	miss	0
106	Sound	hc ssd 180	300197	8	10			0		other	0
106	Port Input	4	303271	3082	9
106	Response	3	303271	3082	9
107	Picture	omission	303356	0	1	3167	1	0	3000	other	0
108	Picture	correct response	306523	0	1	333	1	0	200	other	0
109	Picture	fix	306856	0	1	5167	1	0	next	other	0
110	Picture	SC trial GO stim left middle	312023	0	1	333	1	0	200	other	0
111	Picture	SC trial CHANGE stim right middle	314023	0	1	333	1	0	200	miss	0
111	Sound	hc ssd 190	314031	8	4			0		other	0
111	Port Input	1	317144	3121	9
111	Response	4	317144	3121	9
112	Picture	omission	317357	0	1	3167	1	0	3000	other	0
113	Picture	correct response	320524	0	1	333	1	0	200	other	0
114	Picture	fix	320857	0	1	5167	1	0	next	other	0
115	Picture	GO trial GO stim right idx	326024	0	1	333	1	0	200	hit	182
115	Port Input	4	329456	3432	9
115	Response	3	329456	3432	9
116	Picture	omission	329524	0	1	3167	1	0	3000	other	0
117	Picture	correct response	332691	0	1	333	1	0	200	other	0
118	Picture	fix	333025	0	1	5167	1	0	next	other	0
119	Picture	SC trial GO stim right index	338192	0	1	334	1	0	200	other	0
120	Picture	SC trial CHANGE stim right middle	339192	0	1	333	1	0	200	miss	0
120	Sound	fc ssd 90	339200	8	7			0		other	0
120	Port Input	1	342668	3476	9
120	Response	4	342668	3476	9
121	Picture	omission	342859	0	1	3167	1	0	3000	other	0
122	Picture	correct response	346026	0	1	333	1	0	200	other	0
123	Picture	fix	346359	0	1	5167	1	0	next	other	0
124	Picture	GO trial GO stim left middle	351526	0	1	333	1	0	200	miss	0
125	Picture	omission	356693	0	1	3167	1	0	3000	other	0
125	Port Input	3	357592	899	9
125	Response	2	357592	899	9
126	Picture	fix	359860	0	1	5167	1	0	next	other	0
127	Picture	GO trial GO stim right idx	365027	0	1	333	1	0	200	hit	201
127	Port Input	4	369025	3998	9
127	Response	3	369025	3998	9
128	Picture	omission	369194	0	1	3167	1	0	3000	other	0
129	Picture	correct response	372361	0	1	333	1	0	200	other	0
130	Picture	fix	372694	0	1	5167	1	0	next	other	0
131	Picture	SC trial GO stim left index	377862	0	1	333	1	0	200	other	0
132	Picture	SC trial CHANGE stim right idx	380028	0	1	333	1	0	200	miss	0
132	Sound	hc ssd 200	380034	6	8			0		other	0
132	Port Input	4	383053	3025	8
132	Response	3	383053	3025	8
133	Picture	omission	383195	0	1	3167	1	0	3000	other	0
134	Picture	correct response	386362	0	1	333	1	0	200	other	0
135	Picture	fix	386696	0	1	5167	1	0	next	other	0
136	Picture	GO trial GO stim left middle	391863	0	1	333	1	0	200	hit	215
136	Port Input	2	396123	4260	8
136	Response	1	396123	4260	8
137	Picture	omission	396196	0	1	3167	1	0	3000	other	0
138	Picture	correct response	399363	0	1	333	1	0	200	other	0
139	Picture	fix	399696	0	1	5167	1	0	next	other	0
140	Picture	SC trial GO stim right middle	404863	0	1	333	1	0	200	other	0
141	Picture	SC trial CHANGE stim right idx	406030	0	1	333	1	0	200	miss	0
141	Sound	fc ssd 100	406040	10	7			0		other	0
141	Port Input	4	409204	3174	9
141	Response	3	409204	3174	9
142	Picture	omission	409364	0	1	3167	1	0	3000	other	0
143	Picture	correct response	412531	0	1	500	1	0	200	other	0
144	Picture	fix	413031	0	1	5167	1	0	next	other	0
145	Picture	SC trial GO stim right middle	418198	0	1	333	1	0	200	other	0
146	Picture	SC trial CHANGE stim right idx	419531	0	1	333	1	0	200	miss	0
146	Sound	fc ssd 110	419537	6	10			0		other	0
146	Port Input	4	422667	3136	9
146	Response	3	422667	3136	9
147	Picture	omission	422865	0	1	3167	1	0	3000	other	0
148	Picture	correct response	426032	0	1	333	1	0	200	other	0
149	Picture	fix	426365	0	1	5167	1	0	next	other	0
150	Picture	SC trial GO stim left middle	431532	0	1	333	1	0	200	other	0
151	Picture	SC trial CHANGE stim right middle	433866	0	1	333	1	0	200	miss	0
151	Sound	hc ssd 210	433874	8	5			0		other	0
151	Port Input	1	437243	3377	9
151	Response	4	437243	3377	9
152	Picture	omission	437366	0	1	3167	2	0	3000	other	0
153	Picture	correct response	440533	0	1	333	1	0	200	other	0
154	Picture	fix	440866	0	1	5167	1	0	next	other	0
155	Picture	GO trial GO stim right middle	446033	0	1	333	1	0	200	hit	245
155	Port Input	1	449917	3884	9
155	Response	4	449917	3884	9
156	Picture	omission	450034	0	1	3167	1	0	3000	other	0
157	Picture	correct response	453201	0	1	334	1	0	200	other	0
158	Picture	fix	453534	0	1	5167	1	0	next	other	0
159	Picture	GO trial GO stim left middle	458701	0	1	333	1	0	200	hit	251
159	Port Input	2	463673	4972	9
159	Response	1	463673	4972	9
160	Picture	omission	463868	0	1	3167	1	0	3000	other	0
161	Picture	correct response	467035	0	1	326	8	0	200	other	0
162	Picture	fix	467361	0	8	5174	8	0	next	other	0
163	Picture	GO trial GO stim left middle	472535	0	1	333	1	0	200	hit	257
163	Port Input	2	476680	4145	9
163	Response	1	476680	4145	9
164	Picture	omission	476869	0	1	3167	1	0	3000	other	0
165	Picture	correct response	480036	0	1	333	1	0	200	other	0
166	Picture	fix	480369	0	1	5167	1	0	next	other	0
167	Picture	GO trial GO stim right middle	485536	0	1	333	1	0	200	miss	0
168	Picture	omission	490703	0	1	3167	1	0	3000	other	0
168	Port Input	1	491988	1284	9
168	Response	4	491988	1284	9
169	Picture	fix	493870	0	1	5167	1	0	next	other	0
170	Picture	SC trial GO stim left middle	499037	0	1	333	1	0	200	other	0
171	Picture	SC trial CHANGE stim right middle	501371	0	1	333	1	0	200	miss	0
171	Sound	hc ssd 220	501379	8	10			0		other	0
171	Port Input	1	504440	3069	9
171	Response	4	504440	3069	9
172	Picture	omission	504538	0	1	3167	1	0	3000	other	0
173	Picture	correct response	507705	0	1	333	1	0	200	other	0
174	Picture	fix	508038	0	1	5167	1	0	next	other	0
175	Picture	SC trial GO stim left index	513205	0	1	333	1	0	200	other	0
176	Picture	SC trial CHANGE stim right idx	515705	0	1	333	1	0	200	miss	0
176	Sound	hc ssd 230	515714	8	4			0		other	0
176	Port Input	3	518131	2426	9
176	Response	2	518131	2426	9
177	Picture	omission	518205	0	1	3167	1	0	3000	other	0
178	Picture	inhibition error	521372	0	1	333	1	0	200	other	0
179	Picture	fix	521706	0	1	5167	1	0	next	other	0
180	Picture	GO trial GO stim left idx	526873	0	1	333	1	0	200	miss	0
181	Picture	omission	532040	0	1	3167	1	0	3000	other	0
181	Port Input	3	532087	47	9
181	Response	2	532087	47	9
182	Picture	fix	535207	0	1	5167	1	0	next	other	0
183	Picture	SC trial GO stim right middle	540374	0	1	333	1	0	200	other	0
184	Picture	SC trial CHANGE stim right idx	541707	0	1	333	1	0	200	miss	0
184	Sound	fc ssd 120	541715	8	10			0		other	0
184	Port Input	4	545173	3466	9
184	Response	3	545173	3466	9
185	Picture	omission	545374	0	1	3167	1	0	3000	other	0
186	Picture	correct response	548541	0	1	333	1	0	200	other	0
187	Picture	fix	548874	0	1	5167	1	0	next	other	0
188	Picture	SC trial GO stim right middle	554041	0	1	333	1	0	200	other	0
189	Picture	SC trial CHANGE stim right idx	555542	0	1	333	1	0	200	miss	0
189	Sound	fc ssd 130	555549	7	7			0		other	0
189	Port Input	4	558862	3321	9
189	Response	3	558862	3321	9
190	Picture	omission	559042	0	1	3167	1	0	3000	other	0
191	Picture	correct response	562209	0	1	333	1	0	200	other	0
192	Picture	fix	562542	0	1	5167	1	0	next	other	0
193	Picture	SC trial GO stim left index	567709	0	1	333	1	0	200	other	0
194	Picture	SC trial CHANGE stim right idx	570043	0	1	333	1	0	200	miss	0
194	Sound	hc ssd 220	570053	10	5			0		other	0
194	Port Input	4	573190	3147	9
194	Response	3	573190	3147	9
195	Picture	omission	573376	0	1	3167	1	0	3000	other	0
196	Picture	correct response	576543	0	1	333	1	0	200	other	0
197	Picture	fix	576877	0	1	5167	1	0	next	other	0
198	Picture	GO trial GO stim right middle	582043	0	1	333	1	0	200	miss	0
199	Picture	omission	587211	0	1	3167	1	0	3000	other	0
199	Port Input	1	587707	496	8
199	Response	4	587707	496	8
200	Picture	fix	590378	0	1	5167	1	0	next	other	0
201	Picture	SC trial GO stim left index	595545	0	1	333	1	0	200	other	0
202	Picture	SC trial CHANGE stim right idx	598045	0	1	333	1	0	200	miss	0
202	Sound	hc ssd 230	598056	11	10			0		other	0
202	Port Input	3	600516	2472	8
202	Response	2	600516	2472	8
203	Picture	omission	600712	0	1	3167	1	0	3000	other	0
203	Port Input	4	601383	672	9
203	Response	3	601383	672	9
204	Picture	inhibition error	603878	0	1	333	1	0	200	other	0
205	Picture	fix	604212	0	1	5167	1	0	next	other	0
206	Picture	SC trial GO stim left index	609379	0	1	333	1	0	200	other	0
207	Picture	SC trial CHANGE stim right idx	611712	0	1	333	1	0	200	miss	0
207	Sound	hc ssd 220	611718	5	10			0		other	0
207	Port Input	4	613517	1805	7
207	Response	3	613517	1805	7
208	Picture	omission	613713	0	1	3167	1	0	3000	other	0
209	Picture	correct response	616879	0	1	333	1	0	200	other	0
210	Picture	fix	617213	0	1	5167	2	0	next	other	0
211	Picture	SC trial GO stim left index	622380	0	1	334	2	0	200	other	0
212	Picture	SC trial CHANGE stim right idx	624880	0	1	333	1	0	200	miss	0
212	Sound	hc ssd 230	624890	9	5			0		other	0
212	Port Input	4	628085	3205	9
212	Response	3	628085	3205	9
213	Picture	omission	628207	0	7	3173	8	0	3000	other	0
214	Picture	correct response	631381	0	1	333	1	0	200	other	0
215	Picture	fix	631714	0	1	5167	1	0	next	other	0
216	Picture	SC trial GO stim right index	636881	0	1	333	1	0	200	other	0
217	Picture	SC trial CHANGE stim right middle	638381	0	1	333	1	0	200	miss	0
217	Sound	fc ssd 140	638387	6	10			0		other	0
217	Port Input	1	641780	3399	8
217	Response	4	641780	3399	8
218	Picture	omission	641882	0	1	3167	1	0	3000	other	0
219	Picture	correct response	645048	0	1	333	1	0	200	other	0
220	Picture	fix	645382	0	1	5167	1	0	next	other	0
221	Picture	SC trial GO stim right middle	650549	0	1	333	1	0	200	other	0
222	Picture	SC trial CHANGE stim right idx	652216	0	1	333	1	0	200	miss	0
222	Sound	fc ssd 150	652223	8	5			0		other	0
222	Port Input	1	654215	1999	9
222	Response	4	654215	1999	9
223	Picture	omission	654382	0	1	3167	1	0	3000	other	0
224	Picture	inhibition error	657549	0	1	334	1	0	200	other	0
225	Picture	fix	657883	0	1	5167	1	0	next	other	0
226	Picture	SC trial GO stim left middle	663050	0	1	333	1	0	200	other	0
227	Picture	SC trial CHANGE stim right middle	665550	0	1	334	1	0	200	miss	0
227	Sound	hc ssd 240	665559	9	4			0		other	0
227	Port Input	1	669084	3534	7
227	Response	4	669084	3534	7
228	Picture	omission	669217	0	1	3167	1	0	3000	other	0
229	Picture	correct response	672384	0	1	334	1	0	200	other	0
230	Picture	fix	672717	0	1	5167	1	0	next	other	0
231	Picture	SC trial GO stim right index	677884	0	1	333	1	0	200	other	0
232	Picture	SC trial CHANGE stim right middle	679384	0	1	333	1	0	200	miss	0
232	Sound	fc ssd 140	679393	9	10			0		other	0
232	Port Input	1	682875	3490	9
232	Response	4	682875	3490	9
233	Picture	omission	683051	0	1	3167	1	0	3000	other	0
234	Picture	correct response	686218	0	1	333	1	0	200	other	0
235	Picture	fix	686551	0	1	5167	1	0	next	other	0
236	Picture	GO trial GO stim right idx	691718	0	1	334	1	0	200	hit	376
236	Port Input	4	695590	3871	8
236	Response	3	695590	3871	8
237	Picture	omission	695718	0	2	3168	3	0	3000	other	0
238	Picture	correct response	698886	0	1	334	1	0	200	other	0
239	Picture	fix	699219	0	1	5167	1	0	next	other	0
240	Picture	GO trial GO stim left middle	704386	0	1	333	1	0	200	miss	0
240	Port Input	2	709546	5160	9
240	Response	1	709546	5160	9
241	Picture	omission	709553	0	1	3167	1	0	3000	other	0
242	Picture	fix	712720	0	1	5167	1	0	next	other	0
243	Picture	GO trial GO stim right idx	717887	0	1	333	1	0	200	hit	387
243	Port Input	4	721090	3203	9
243	Response	3	721090	3203	9
244	Picture	omission	721221	0	1	3167	1	0	3000	other	0
245	Picture	correct response	724388	0	1	333	1	0	200	other	0
246	Picture	fix	724721	0	1	5167	1	0	next	other	0
247	Picture	GO trial GO stim right middle	729888	0	1	333	1	0	200	hit	393
247	Port Input	1	733545	3657	9
247	Response	4	733545	3657	9
248	Picture	omission	733722	0	1	3167	1	0	3000	other	0
249	Picture	correct response	736889	0	1	333	1	0	200	other	0
250	Picture	fix	737222	0	1	5167	1	0	next	other	0
251	Picture	GO trial GO stim right idx	742389	0	1	333	1	0	200	hit	399
251	Port Input	4	746030	3641	8
251	Response	3	746030	3641	8
252	Picture	omission	746223	0	1	3167	1	0	3000	other	0
253	Picture	correct response	749389	0	1	333	1	0	200	other	0
254	Picture	fix	749723	0	1	5167	1	0	next	other	0
255	Picture	SC trial GO stim right index	754890	0	1	333	1	0	200	other	0
256	Picture	SC trial CHANGE stim right middle	756557	0	1	333	1	0	200	miss	0
256	Sound	fc ssd 150	756565	8	10			0		other	0
256	Port Input	4	757931	1374	9
256	Response	3	757931	1374	9
257	Picture	omission	758057	0	1	3167	1	0	3000	other	0
258	Picture	inhibition error	761224	0	1	334	1	0	200	other	0
259	Picture	fix	761557	0	1	5167	1	0	next	other	0
260	Picture	GO trial GO stim left idx	766724	0	1	333	1	0	200	incorrect	413
260	Port Input	2	771280	4556	9
260	Response	1	771280	4556	9
261	Picture	omission	771391	0	1	3167	1	0	3000	other	0
262	Picture	incorrect response	774558	0	1	333	1	0	200	other	0
263	Picture	fix	774891	0	1	5167	1	0	next	other	0
264	Picture	GO trial GO stim right idx	780058	0	1	333	1	0	200	hit	419
264	Port Input	4	783080	3021	9
264	Response	3	783080	3021	9
265	Picture	omission	783225	0	1	3167	1	0	3000	other	0
266	Picture	correct response	786392	0	1	333	1	0	200	other	0
267	Picture	fix	786726	0	1	5167	1	0	next	other	0
268	Picture	SC trial GO stim right index	791893	0	1	333	1	0	200	other	0
269	Picture	SC trial CHANGE stim right middle	793393	0	1	333	1	0	200	miss	0
269	Sound	fc ssd 140	793400	7	10			0		other	0
269	Port Input	1	796795	3402	10
269	Response	4	796795	3402	10
270	Picture	omission	796893	0	1	3167	1	0	3000	other	0
271	Picture	correct response	800060	0	1	333	1	0	200	other	0
272	Picture	fix	800393	0	1	5167	1	0	next	other	0
273	Picture	GO trial GO stim left middle	805561	0	1	333	1	0	200	hit	433
273	Port Input	2	809927	4366	9
273	Response	1	809927	4366	9
274	Picture	omission	810056	0	6	3172	6	0	3000	other	0
275	Picture	correct response	813228	0	1	333	1	0	200	other	0
276	Picture	fix	813561	0	1	5167	1	0	next	other	0
277	Picture	GO trial GO stim right middle	818728	0	1	333	1	0	200	hit	439
277	Port Input	1	822517	3789	9
277	Response	4	822517	3789	9
278	Picture	omission	822728	0	1	3167	1	0	3000	other	0
279	Picture	correct response	825895	0	1	333	1	0	200	other	0
280	Picture	fix	826229	0	1	5167	1	0	next	other	0
281	Picture	SC trial GO stim right middle	831396	0	1	333	1	0	200	other	0
282	Picture	SC trial CHANGE stim right idx	833062	0	1	334	1	0	200	miss	0
282	Sound	fc ssd 150	833073	10	10			0		other	0
282	Port Input	1	834636	1573	9
282	Response	4	834636	1573	9
283	Picture	omission	834729	0	1	3167	1	0	3000	other	0
284	Picture	inhibition error	837896	0	1	333	1	0	200	other	0
285	Picture	fix	838229	0	1	5167	1	0	next	other	0
286	Picture	GO trial GO stim right idx	843397	0	1	334	1	0	200	hit	453
286	Port Input	4	847811	4415	9
286	Response	3	847811	4415	9
287	Picture	omission	847897	0	1	3167	1	0	3000	other	0
288	Picture	correct response	851064	0	1	333	1	0	200	other	0
289	Picture	fix	851397	0	1	5167	1	0	next	other	0
290	Picture	SC trial GO stim left index	856564	0	1	333	1	0	200	other	0
291	Picture	SC trial CHANGE stim right idx	859231	0	1	333	1	0	200	miss	0
291	Sound	hc ssd 250	859238	7	10			0		other	0
291	Port Input	4	859527	296	9
291	Response	3	859527	296	9
291	Port Input	4	863747	4516	9
291	Response	3	863747	4516	9
292	Picture	omission	863898	0	1	3167	1	0	3000	other	0
293	Picture	correct response	867065	0	1	333	1	0	200	other	0
294	Picture	fix	867398	0	1	5167	1	0	next	other	0
295	Picture	GO trial GO stim left idx	872565	0	1	333	1	0	200	hit	469
295	Port Input	3	875698	3132	9
295	Response	2	875698	3132	9
296	Picture	omission	875899	0	1	3167	1	0	3000	other	0
297	Picture	correct response	879066	0	1	333	1	0	200	other	0
298	Picture	fix	879399	0	1	5167	1	0	next	other	0
299	Picture	SC trial GO stim right middle	884566	0	1	333	1	0	200	other	0
300	Picture	SC trial CHANGE stim right idx	886066	0	1	333	1	0	200	miss	0
300	Sound	fc ssd 140	886076	9	10			0		other	0
300	Port Input	4	888840	2773	9
300	Response	3	888840	2773	9
301	Picture	omission	888900	0	1	3167	2	0	3000	other	0
302	Picture	correct response	892067	0	1	333	1	0	200	other	0
303	Picture	fix	892400	0	1	5167	1	0	next	other	0
304	Picture	GO trial GO stim right middle	897567	0	1	333	1	0	200	miss	0
305	Picture	omission	902734	0	1	3167	1	0	3000	other	0
305	Port Input	1	902863	129	9
305	Response	4	902863	129	9
306	Picture	fix	905901	0	1	5167	1	0	next	other	0
307	Picture	GO trial GO stim right middle	911069	0	1	333	1	0	200	hit	488
307	Port Input	1	914333	3264	9
307	Response	4	914333	3264	9
308	Picture	omission	914402	0	1	3167	1	0	3000	other	0
309	Picture	correct response	917569	0	1	333	1	0	200	other	0
310	Picture	fix	917902	0	1	5167	1	0	next	other	0
311	Picture	GO trial GO stim right idx	923069	0	1	333	1	0	200	hit	494
311	Port Input	4	926710	3641	8
311	Response	3	926710	3641	8
312	Picture	omission	926903	0	1	3167	1	0	3000	other	0
313	Picture	correct response	930070	0	1	333	1	0	200	other	0
314	Picture	fix	930403	0	1	5167	1	0	next	other	0
315	Picture	SC trial GO stim right middle	935570	0	1	333	1	0	200	other	0
316	Picture	SC trial CHANGE stim right idx	937237	0	1	333	2	0	200	miss	0
316	Sound	fc ssd 150	937246	9	5			0		other	0
316	Port Input	1	938757	1520	9
316	Response	4	938757	1520	9
317	Picture	omission	938904	0	1	3167	1	0	3000	other	0
318	Picture	inhibition error	942071	0	1	333	1	0	200	other	0
319	Picture	fix	942404	0	1	5167	1	0	next	other	0
320	Picture	GO trial GO stim left middle	947571	0	1	333	1	0	200	hit	508
320	Port Input	2	952077	4506	9
320	Response	1	952077	4506	9
321	Picture	omission	952238	0	1	3167	1	0	3000	other	0
322	Picture	correct response	955405	0	1	333	1	0	200	other	0
323	Picture	fix	955739	0	1	5167	1	0	next	other	0
324	Picture	GO trial GO stim left idx	960905	0	1	333	1	0	200	hit	514
324	Port Input	3	963943	3038	9
324	Response	2	963943	3038	9
325	Picture	omission	964069	0	4	3171	5	0	3000	other	0
326	Picture	correct response	967239	0	1	333	1	0	200	other	0
327	Picture	fix	967573	0	1	5167	1	0	next	other	0
328	Picture	GO trial GO stim left idx	972740	0	1	333	1	0	200	hit	520
328	Port Input	3	976574	3835	9
328	Response	2	976574	3835	9
329	Picture	omission	976740	0	1	3167	1	0	3000	other	0
330	Picture	correct response	979907	0	1	334	1	0	200	other	0
331	Picture	fix	980240	0	1	5167	1	0	next	other	0
332	Picture	GO trial GO stim left idx	985407	0	1	333	1	0	200	hit	526
332	Port Input	3	988404	2997	8
332	Response	2	988404	2997	8
333	Picture	omission	988574	0	1	3167	1	0	3000	other	0
334	Picture	correct response	991741	0	1	333	1	0	200	other	0
335	Picture	fix	992074	0	1	5167	1	0	next	other	0
336	Picture	GO trial GO stim left middle	997242	0	1	333	1	0	200	hit	532
336	Port Input	2	1001706	4464	8
336	Response	1	1001706	4464	8
337	Picture	omission	1001909	0	1	3167	1	0	3000	other	0
338	Picture	correct response	1005075	0	1	333	1	0	200	other	0
339	Picture	fix	1005409	0	1	5167	1	0	next	other	0
340	Picture	SC trial GO stim right index	1010576	0	1	333	1	0	200	other	0
341	Picture	SC trial CHANGE stim right middle	1012076	0	1	333	1	0	200	miss	0
341	Sound	fc ssd 140	1012081	5	5			0		other	0
341	Port Input	4	1014131	2055	9
341	Response	3	1014131	2055	9
342	Picture	omission	1014243	0	1	3167	1	0	3000	other	0
343	Picture	inhibition error	1017410	0	1	333	2	0	200	other	0
344	Picture	fix	1017743	0	1	5167	2	0	next	other	0
345	Picture	SC trial GO stim left index	1022910	0	1	333	1	0	200	other	0
346	Picture	SC trial CHANGE stim right idx	1025744	0	1	333	1	0	200	miss	0
346	Sound	hc ssd 260	1025751	8	5			0		other	0
346	Port Input	3	1027970	2226	9
346	Response	2	1027970	2226	9
347	Picture	omission	1028077	0	1	3167	1	0	3000	other	0
347	Port Input	4	1029440	1363	9
347	Response	3	1029440	1363	9
348	Picture	inhibition error	1031244	0	1	333	1	0	200	other	0
349	Picture	fix	1031577	0	1	5167	1	0	next	other	0
350	Picture	SC trial GO stim right index	1036744	0	1	333	1	0	200	other	0
351	Picture	SC trial CHANGE stim right middle	1038244	0	1	333	2	0	200	miss	0
351	Sound	fc ssd 130	1038253	8	4			0		other	0
351	Port Input	4	1039687	1443	9
351	Response	3	1039687	1443	9
352	Picture	omission	1039911	0	1	3167	1	0	3000	other	0
353	Picture	inhibition error	1043078	0	1	333	1	0	200	other	0
354	Picture	fix	1043412	0	1	5167	1	0	next	other	0
355	Picture	GO trial GO stim left middle	1048579	0	1	334	1	0	200	hit	564
355	Port Input	2	1052572	3993	9
355	Response	1	1052572	3993	9
356	Picture	omission	1052746	0	1	3167	1	0	3000	other	0
357	Picture	correct response	1055913	0	1	333	1	0	200	other	0
358	Picture	fix	1056246	0	1	5167	1	0	next	other	0
359	Picture	SC trial GO stim right index	1061413	0	1	333	1	0	200	other	0
360	Picture	SC trial CHANGE stim right middle	1062747	0	1	333	1	0	200	miss	0
360	Sound	fc ssd 120	1062752	5	6			0		other	0
360	Port Input	1	1066477	3730	9
360	Response	4	1066477	3730	9
361	Picture	omission	1066580	0	1	3167	1	0	3000	other	0
362	Picture	correct response	1069747	0	1	500	1	0	200	other	0
363	Picture	fix	1070247	0	1	5167	1	0	next	other	0
364	Picture	GO trial GO stim left middle	1075414	0	1	333	1	0	200	hit	578
364	Port Input	2	1079077	3663	8
364	Response	1	1079077	3663	8
365	Picture	omission	1079248	0	1	3167	1	0	3000	other	0
366	Picture	correct response	1082415	0	1	333	1	0	200	other	0
367	Picture	fix	1082748	0	1	5167	1	0	next	other	0
368	Picture	GO trial GO stim left idx	1087915	0	1	333	1	0	200	hit	584
368	Port Input	3	1092493	4578	9
368	Response	2	1092493	4578	9
369	Picture	omission	1092582	0	1	3167	1	0	3000	other	0
370	Picture	correct response	1095749	0	1	333	1	0	200	other	0
371	Picture	fix	1096082	0	1	5167	1	0	next	other	0
372	Picture	SC trial GO stim left middle	1101249	0	1	334	1	0	200	other	0
373	Picture	SC trial CHANGE stim right middle	1103916	0	1	334	1	0	200	miss	0
373	Sound	hc ssd 250	1103923	7	5			0		other	0
373	Port Input	1	1107917	4001	9
373	Response	4	1107917	4001	9
374	Picture	omission	1108083	0	1	3167	1	0	3000	other	0
375	Picture	correct response	1111250	0	1	333	1	0	200	other	0
376	Picture	fix	1111583	0	1	5167	1	0	next	other	0
377	Picture	SC trial GO stim right middle	1116750	0	1	333	1	0	200	other	0
378	Picture	SC trial CHANGE stim right idx	1118251	0	1	333	1	0	200	miss	0
378	Sound	fc ssd 130	1118259	8	8			0		other	0
378	Port Input	4	1121588	3337	9
378	Response	3	1121588	3337	9
379	Picture	omission	1121751	0	1	3167	1	0	3000	other	0
380	Picture	correct response	1124918	0	1	333	1	0	200	other	0
381	Picture	fix	1125251	0	1	5167	1	0	next	other	0
382	Picture	SC trial GO stim right index	1130418	0	1	333	1	0	200	other	0
383	Picture	SC trial CHANGE stim right middle	1131918	0	1	333	1	0	200	miss	0
383	Sound	fc ssd 140	1131927	9	10			0		other	0
383	Port Input	4	1133718	1799	8
383	Response	3	1133718	1799	8
384	Picture	omission	1133918	0	1	3167	1	0	3000	other	0
385	Picture	inhibition error	1137085	0	1	333	1	0	200	other	0
386	Picture	fix	1137419	0	1	5167	1	0	next	other	0
387	Picture	SC trial GO stim right index	1142586	0	1	333	1	0	200	other	0
388	Picture	SC trial CHANGE stim right middle	1144086	0	1	333	1	0	200	miss	0
388	Sound	fc ssd 130	1144090	4	4			0		other	0
388	Port Input	1	1147594	3508	9
388	Response	4	1147594	3508	9
389	Picture	omission	1147753	0	1	3167	1	0	3000	other	0
390	Picture	correct response	1150920	0	1	333	1	0	200	other	0
391	Picture	fix	1151253	0	1	5167	1	0	next	other	0
392	Picture	GO trial GO stim left idx	1156420	0	1	334	1	0	200	hit	622
392	Port Input	3	1160786	4366	9
392	Response	2	1160786	4366	9
393	Picture	omission	1160917	0	4	3170	4	0	3000	other	0
394	Picture	correct response	1164088	0	1	333	1	0	200	other	0
395	Picture	fix	1164421	0	1	5167	1	0	next	other	0
396	Picture	GO trial GO stim left idx	1169588	0	1	334	1	0	200	hit	628
396	Port Input	3	1172507	2919	9
396	Response	2	1172507	2919	9
397	Picture	omission	1172588	0	1	3167	1	0	3000	other	0
398	Picture	correct response	1175755	0	1	333	1	0	200	other	0
399	Picture	fix	1176088	0	1	5167	1	0	next	other	0
400	Picture	GO trial GO stim right idx	1181256	0	1	333	1	0	200	hit	634
400	Port Input	4	1185207	3952	8
400	Response	3	1185207	3952	8
401	Picture	omission	1185422	0	1	3167	1	0	3000	other	0
402	Picture	correct response	1188589	0	1	334	1	0	200	other	0
403	Picture	fix	1188923	0	1	5167	1	0	next	other	0
404	Picture	GO trial GO stim right idx	1194090	0	1	333	1	0	200	hit	640
404	Port Input	4	1197488	3399	9
404	Response	3	1197488	3399	9
405	Picture	omission	1197590	0	1	3167	1	0	3000	other	0
406	Picture	correct response	1200757	0	1	333	1	0	200	other	0
407	Picture	fix	1201090	0	1	5167	1	0	next	other	0
408	Picture	GO trial GO stim right idx	1206257	0	1	333	1	0	200	hit	646
408	Port Input	4	1210404	4147	9
408	Response	3	1210404	4147	9
409	Picture	omission	1210591	0	1	3167	1	0	3000	other	0
410	Picture	correct response	1213758	0	1	333	1	0	200	other	0
411	Picture	fix	1214091	0	1	5167	1	0	next	other	0
412	Picture	SC trial GO stim left middle	1219258	0	1	333	1	0	200	other	0
413	Picture	SC trial CHANGE stim right middle	1222092	0	1	333	1	0	200	miss	0
413	Sound	hc ssd 260	1222100	9	5			0		other	0
413	Port Input	1	1226250	4158	8
413	Response	4	1226250	4158	8
414	Picture	omission	1226425	0	1	3167	1	0	3000	other	0
415	Picture	correct response	1229592	0	1	333	1	0	200	other	0
416	Picture	fix	1229926	0	1	5167	1	0	next	other	0
417	Picture	SC trial GO stim left middle	1235093	0	1	333	1	0	200	other	0
418	Picture	SC trial CHANGE stim right middle	1237926	0	1	333	1	0	200	miss	0
418	Sound	hc ssd 270	1237932	5	6			0		other	0
418	Port Input	1	1240920	2993	9
418	Response	4	1240920	2993	9
419	Picture	omission	1241093	0	1	3167	1	0	3000	other	0
420	Picture	correct response	1244260	0	1	333	1	0	200	other	0
421	Picture	fix	1244593	0	1	5167	1	0	next	other	0
422	Picture	GO trial GO stim left middle	1249760	0	1	334	1	0	200	hit	668
422	Port Input	2	1253995	4234	7
422	Response	1	1253995	4234	7
423	Picture	omission	1254094	0	1	3167	1	0	3000	other	0
424	Picture	correct response	1257261	0	1	5089	1	0	200	other	0


{
   "app": "Presentation Version 20.2 Build 07.25.18",
   "device": "MouseComputer Co.,Ltd. DAIV-DGX750",
   "experiment": "{BB8C4D9D-AEF0-42C4-8CC0-B7BFFFFA607C}",
   "os": "Windows 10 64 bit",
   "package": "",
   "parameters": {
      "configuration": "Default configuration"
   },
   "scenario": "turorial.sce",
   "subject": "",
   "timestamp": "2019/02/13 00:29:52 GMT"
}
